0 info it worked if it ends with ok
1 verbose cli [ 'node',
1 verbose cli   '/usr/local/bin/npm',
1 verbose cli   'install',
1 verbose cli   'karma-rechrome-launcher',
1 verbose cli   '-g' ]
2 info using npm@1.4.28
3 info using node@v0.10.33
4 verbose cache add [ 'karma-rechrome-launcher', null ]
5 verbose cache add name=undefined spec="karma-rechrome-launcher" args=["karma-rechrome-launcher",null]
6 verbose parsed url { protocol: null,
6 verbose parsed url   slashes: null,
6 verbose parsed url   auth: null,
6 verbose parsed url   host: null,
6 verbose parsed url   port: null,
6 verbose parsed url   hostname: null,
6 verbose parsed url   hash: null,
6 verbose parsed url   search: null,
6 verbose parsed url   query: null,
6 verbose parsed url   pathname: 'karma-rechrome-launcher',
6 verbose parsed url   path: 'karma-rechrome-launcher',
6 verbose parsed url   href: 'karma-rechrome-launcher' }
7 silly lockFile c9cfc318-karma-rechrome-launcher karma-rechrome-launcher
8 verbose lock karma-rechrome-launcher /Users/natala/.npm/c9cfc318-karma-rechrome-launcher.lock
9 silly lockFile c9cfc318-karma-rechrome-launcher karma-rechrome-launcher
10 silly lockFile c9cfc318-karma-rechrome-launcher karma-rechrome-launcher
11 verbose addNamed [ 'karma-rechrome-launcher', '' ]
12 verbose addNamed [ null, '*' ]
13 silly lockFile 2301a146-karma-rechrome-launcher karma-rechrome-launcher@
14 verbose lock karma-rechrome-launcher@ /Users/natala/.npm/2301a146-karma-rechrome-launcher.lock
15 silly addNameRange { name: 'karma-rechrome-launcher', range: '*', hasData: false }
16 verbose request where is /karma-rechrome-launcher
17 verbose request registry https://registry.npmjs.org/
18 verbose request id a942730c4e84eafa
19 verbose url raw /karma-rechrome-launcher
20 verbose url resolving [ 'https://registry.npmjs.org/', './karma-rechrome-launcher' ]
21 verbose url resolved https://registry.npmjs.org/karma-rechrome-launcher
22 verbose request where is https://registry.npmjs.org/karma-rechrome-launcher
23 info trying registry request attempt 1 at 09:36:37
24 http GET https://registry.npmjs.org/karma-rechrome-launcher
25 http 404 https://registry.npmjs.org/karma-rechrome-launcher
26 silly registry.get cb [ 404,
26 silly registry.get   { 'content-type': 'application/json',
26 silly registry.get     'cache-control': 'max-age=0',
26 silly registry.get     'content-length': '2',
26 silly registry.get     'accept-ranges': 'bytes',
26 silly registry.get     date: 'Sat, 02 Jan 2016 06:19:54 GMT',
26 silly registry.get     via: '1.1 varnish',
26 silly registry.get     age: '0',
26 silly registry.get     connection: 'keep-alive',
26 silly registry.get     'x-served-by': 'cache-fra1231-FRA',
26 silly registry.get     'x-cache': 'MISS',
26 silly registry.get     'x-cache-hits': '0',
26 silly registry.get     'x-timer': 'S1451715594.125835,VS0,VE150' } ]
27 silly lockFile 2301a146-karma-rechrome-launcher karma-rechrome-launcher@
28 silly lockFile 2301a146-karma-rechrome-launcher karma-rechrome-launcher@
29 error 404 Not Found
29 error 404
29 error 404 'karma-rechrome-launcher' is not in the npm registry.
29 error 404 You should bug the author to publish it
29 error 404
29 error 404 Note that you can also install from a
29 error 404 tarball, folder, or http url, or git url.
30 error System Darwin 12.6.0
31 error command "node" "/usr/local/bin/npm" "install" "karma-rechrome-launcher" "-g"
32 error cwd /Users/natala/git/de-refactoring
33 error node -v v0.10.33
34 error npm -v 1.4.28
35 error code E404
36 verbose exit [ 1, true ]
